Vercel CLI 48.8.0
Retrieving project…
Deploying motekemas-projects/umetha-ecommerce-main
Uploading [--------------------] (0.0B/91B)
Uploading [====================] (91.0B/91B)
Inspect: https://vercel.com/motekemas-projects/umetha-ecommerce-main/77RACa22VyuExDJzcJR94QtX936y [5s]
Production: https://umetha-ecommerce-main-fuyjljrgu-motekemas-projects.vercel.app [5s]
https://umetha-ecommerce-main-fuyjljrgu-motekemas-projects.vercel.appQueued
Building
2025-12-05T13:07:16.454Z  Running build in Washington, D.C., USA (East) – iad1
2025-12-05T13:07:16.455Z  Build machine configuration: 2 cores, 8 GB
2025-12-05T13:07:16.640Z  Retrieving list of deployment files...
2025-12-05T13:07:16.644Z  Previous build caches not available.
2025-12-05T13:07:17.318Z  Downloading 490 deployment files...
2025-12-05T13:07:19.387Z  Running "vercel build"
2025-12-05T13:07:19.771Z  Vercel CLI 48.12.1
2025-12-05T13:07:20.206Z  Installing dependencies...
2025-12-05T13:07:20.498Z  npm warn Unknown project config "auto-install-peers". This will stop working in the next major version of npm.
2025-12-05T13:07:23.758Z  npm warn deprecated rimraf@3.0.2: Rimraf versions prior to v4 are no longer supported
2025-12-05T13:07:24.346Z  npm warn deprecated npmlog@5.0.1: This package is no longer supported.
2025-12-05T13:07:24.735Z  npm warn deprecated inflight@1.0.6: This module is not supported, and leaks memory. Do not use it. Check out lru-cache if you want a good and tested way to coalesce async requests by a key value, which is much more comprehensive and powerful.
2025-12-05T13:07:24.884Z  npm warn deprecated har-validator@5.1.5: this library is no longer supported
2025-12-05T13:07:24.908Z  npm warn deprecated glob@7.2.3: Glob versions prior to v9 are no longer supported
2025-12-05T13:07:25.120Z  npm warn deprecated request@2.88.2: request has been deprecated, see https://github.com/request/request/issues/3142
2025-12-05T13:07:25.373Z  npm warn deprecated gauge@3.0.2: This package is no longer supported.
2025-12-05T13:07:26.034Z  npm warn deprecated are-we-there-yet@2.0.0: This package is no longer supported.
2025-12-05T13:07:26.181Z  npm warn deprecated react-tsparticles@2.12.2: @tsparticles/react is the new version, please use that
2025-12-05T13:07:27.343Z  npm warn deprecated node-domexception@1.0.0: Use your platform's native DOMException instead
2025-12-05T13:07:27.749Z  npm warn deprecated @humanwhocodes/config-array@0.13.0: Use @eslint/config-array instead
2025-12-05T13:07:27.878Z  npm warn deprecated @humanwhocodes/object-schema@2.0.3: Use @eslint/object-schema instead
2025-12-05T13:07:28.643Z  npm warn deprecated uuid@3.4.0: Please upgrade  to version 7 or higher.  Older versions may use Math.random() in certain circumstances, which is known to be problematic.  See https://v8.dev/blog/math-random for details.
2025-12-05T13:07:33.847Z  npm warn deprecated eslint@8.57.1: This version is no longer supported. Please see https://eslint.org/version-support for other options.
2025-12-05T13:07:38.559Z  npm warn deprecated tsparticles-engine@2.12.0: starting from tsparticles v3 the packages are now moved to @tsparticles/package-name instead of tsparticles-package-name
2025-12-05T13:07:47.513Z  
2025-12-05T13:07:47.514Z  added 976 packages in 27s
2025-12-05T13:07:47.563Z  Detected Next.js version: 15.5.7
2025-12-05T13:07:47.572Z  Running "npm run build"
2025-12-05T13:07:47.662Z  npm warn Unknown project config "auto-install-peers". This will stop working in the next major version of npm.
2025-12-05T13:07:47.912Z  
2025-12-05T13:07:47.913Z  > umetha-ecommerce@0.1.0 build
2025-12-05T13:07:47.913Z  > next build
2025-12-05T13:07:47.913Z  
2025-12-05T13:07:48.505Z  Attention: Next.js now collects completely anonymous telemetry regarding usage.
2025-12-05T13:07:48.506Z  This information is used to shape Next.js' roadmap and prioritize features.
2025-12-05T13:07:48.506Z  You can learn more, including how to opt-out if you'd not like to participate in this anonymous program, by visiting the following URL:
2025-12-05T13:07:48.506Z  https://nextjs.org/telemetry
2025-12-05T13:07:48.506Z  
2025-12-05T13:07:48.585Z     ▲ Next.js 15.5.7
2025-12-05T13:07:48.585Z     - Environments: .env
2025-12-05T13:07:48.586Z  
2025-12-05T13:07:48.645Z     Creating an optimized production build ...
2025-12-05T13:07:49.234Z   ⚠ Found lockfile missing swc dependencies, run next locally to automatically patch
2025-12-05T13:08:15.837Z   ⚠ Found lockfile missing swc dependencies, run next locally to automatically patch
2025-12-05T13:08:18.030Z   ⚠ Found lockfile missing swc dependencies, run next locally to automatically patch
2025-12-05T13:08:33.309Z   ✓ Compiled successfully in 42s
2025-12-05T13:08:33.313Z     Linting and checking validity of types ...
2025-12-05T13:08:33.613Z   ⨯ ESLint: Invalid Options: - Unknown options: useEslintrc, extensions - 'extensions' has been removed.
2025-12-05T13:08:55.591Z  Failed to compile.
2025-12-05T13:08:55.591Z  
2025-12-05T13:08:55.592Z  ./app/api/edi/partners/[id]/route.ts:25:20
2025-12-05T13:08:55.592Z  Type error: Property 'id' does not exist on type 'Promise<{ id: string; }>'.
2025-12-05T13:08:55.592Z  
2025-12-05T13:08:55.592Z  [0m [90m 23 |[39m     [36mconst[39m partner [33m=[39m [36mawait[39m prisma[33m.[39mediPartner[33m.[39mfindUnique({
2025-12-05T13:08:55.592Z   [90m 24 |[39m       where[33m:[39m {
2025-12-05T13:08:55.592Z  [31m[1m>[22m[39m[90m 25 |[39m         id[33m:[39m params[33m.[39mid[33m,[39m
2025-12-05T13:08:55.592Z   [90m    |[39m                    [31m[1m^[22m[39m
2025-12-05T13:08:55.592Z   [90m 26 |[39m       }[33m,[39m
2025-12-05T13:08:55.592Z   [90m 27 |[39m     })[33m;[39m
2025-12-05T13:08:55.592Z   [90m 28 |[39m[0m
2025-12-05T13:08:55.640Z  Next.js build worker exited with code: 1 and signal: null
2025-12-05T13:08:55.661Z  Error: Command "npm run build" exited with 1
